[2019-02-25 08:51:07:131 WARN ] 235619 [nioEventLoopGroup-2-1] com.adolphor.mynety.common.wrapper.AbstractSimpleHandler.exceptionCaught(71): [ [id: 0x342e7fff, L:0.0.0.0/0.0.0.0:50246 ! R:myaws.adolphor.com/18.188.242.211:2087] ] [com.adolphor.mynety.lan.InBoundHandler] error
java.lang.IllegalStateException: group set already
	at io.netty.bootstrap.AbstractBootstrap.group(AbstractBootstrap.java:86) ~[netty-all-4.1.32.Final.jar:4.1.32.Final]
	at com.adolphor.mynety.lan.LanClientMain.doConnect(LanClientMain.java:53) ~[mynety-lan-0.0.6-SNAPSHOT.jar:?]
	at com.adolphor.mynety.lan.InBoundHandler.channelInactive(InBoundHandler.java:192) ~[mynety-lan-0.0.6-SNAPSHOT.jar:?]
	at io.netty.channel.AbstractChannelHandlerContext.invokeChannelInactive(AbstractChannelHandlerContext.java:245) [netty-all-4.1.32.Final.jar:4.1.32.Final]
	at io.netty.channel.AbstractChannelHandlerContext.invokeChannelInactive(AbstractChannelHandlerContext.java:231) [netty-all-4.1.32.Final.jar:4.1.32.Final]
	at io.netty.channel.AbstractChannelHandlerContext.fireChannelInactive(AbstractChannelHandlerContext.java:224) [netty-all-4.1.32.Final.jar:4.1.32.Final]
	at io.netty.channel.ChannelInboundHandlerAdapter.channelInactive(ChannelInboundHandlerAdapter.java:75) [netty-all-4.1.32.Final.jar:4.1.32.Final]
	at io.netty.handler.timeout.IdleStateHandler.channelInactive(IdleStateHandler.java:277) [netty-all-4.1.32.Final.jar:4.1.32.Final]
	at io.netty.channel.AbstractChannelHandlerContext.invokeChannelInactive(AbstractChannelHandlerContext.java:245) [netty-all-4.1.32.Final.jar:4.1.32.Final]
	at io.netty.channel.AbstractChannelHandlerContext.invokeChannelInactive(AbstractChannelHandlerContext.java:231) [netty-all-4.1.32.Final.jar:4.1.32.Final]
	at io.netty.channel.AbstractChannelHandlerContext.fireChannelInactive(AbstractChannelHandlerContext.java:224) [netty-all-4.1.32.Final.jar:4.1.32.Final]
	at io.netty.handler.codec.ByteToMessageDecoder.channelInputClosed(ByteToMessageDecoder.java:390) [netty-all-4.1.32.Final.jar:4.1.32.Final]
	at io.netty.handler.codec.ByteToMessageDecoder.channelInactive(ByteToMessageDecoder.java:355) [netty-all-4.1.32.Final.jar:4.1.32.Final]
	at io.netty.channel.AbstractChannelHandlerContext.invokeChannelInactive(AbstractChannelHandlerContext.java:245) [netty-all-4.1.32.Final.jar:4.1.32.Final]
	at io.netty.channel.AbstractChannelHandlerContext.invokeChannelInactive(AbstractChannelHandlerContext.java:231) [netty-all-4.1.32.Final.jar:4.1.32.Final]
	at io.netty.channel.AbstractChannelHandlerContext.fireChannelInactive(AbstractChannelHandlerContext.java:224) [netty-all-4.1.32.Final.jar:4.1.32.Final]
	at io.netty.handler.logging.LoggingHandler.channelInactive(LoggingHandler.java:167) [netty-all-4.1.32.Final.jar:4.1.32.Final]
	at io.netty.channel.AbstractChannelHandlerContext.invokeChannelInactive(AbstractChannelHandlerContext.java:245) [netty-all-4.1.32.Final.jar:4.1.32.Final]
	at io.netty.channel.AbstractChannelHandlerContext.invokeChannelInactive(AbstractChannelHandlerContext.java:231) [netty-all-4.1.32.Final.jar:4.1.32.Final]
	at io.netty.channel.AbstractChannelHandlerContext.fireChannelInactive(AbstractChannelHandlerContext.java:224) [netty-all-4.1.32.Final.jar:4.1.32.Final]
	at io.netty.channel.DefaultChannelPipeline$HeadContext.channelInactive(DefaultChannelPipeline.java:1429) [netty-all-4.1.32.Final.jar:4.1.32.Final]
	at io.netty.channel.AbstractChannelHandlerContext.invokeChannelInactive(AbstractChannelHandlerContext.java:245) [netty-all-4.1.32.Final.jar:4.1.32.Final]
	at io.netty.channel.AbstractChannelHandlerContext.invokeChannelInactive(AbstractChannelHandlerContext.java:231) [netty-all-4.1.32.Final.jar:4.1.32.Final]
	at io.netty.channel.DefaultChannelPipeline.fireChannelInactive(DefaultChannelPipeline.java:947) [netty-all-4.1.32.Final.jar:4.1.32.Final]
	at io.netty.channel.AbstractChannel$AbstractUnsafe$8.run(AbstractChannel.java:826) [netty-all-4.1.32.Final.jar:4.1.32.Final]
	at io.netty.util.concurrent.AbstractEventExecutor.safeExecute(AbstractEventExecutor.java:163) [netty-all-4.1.32.Final.jar:4.1.32.Final]
	at io.netty.util.concurrent.SingleThreadEventExecutor.runAllTasks(SingleThreadEventExecutor.java:404) [netty-all-4.1.32.Final.jar:4.1.32.Final]
	at io.netty.channel.nio.NioEventLoop.run(NioEventLoop.java:474) [netty-all-4.1.32.Final.jar:4.1.32.Final]
	at io.netty.util.concurrent.SingleThreadEventExecutor$5.run(SingleThreadEventExecutor.java:909) [netty-all-4.1.32.Final.jar:4.1.32.Final]
	at io.netty.util.concurrent.FastThreadLocalRunnable.run(FastThreadLocalRunnable.java:30) [netty-all-4.1.32.Final.jar:4.1.32.Final]
	at java.lang.Thread.run(Thread.java:745) [?:1.8.0_65]