[2019-02-25 23:50:10:514 WARN ] 10541365 [nioEventLoopGroup-13-1] com.adolphor.mynety.lan.LanClientMain.doConnect(83): event executor terminated
java.util.concurrent.RejectedExecutionException: event executor terminated
	at io.netty.util.concurrent.SingleThreadEventExecutor.reject(SingleThreadEventExecutor.java:867) ~[netty-all-4.1.32.Final.jar:4.1.32.Final]
	at io.netty.util.concurrent.SingleThreadEventExecutor.offerTask(SingleThreadEventExecutor.java:328) ~[netty-all-4.1.32.Final.jar:4.1.32.Final]
	at io.netty.util.concurrent.SingleThreadEventExecutor.addTask(SingleThreadEventExecutor.java:321) ~[netty-all-4.1.32.Final.jar:4.1.32.Final]
	at io.netty.util.concurrent.SingleThreadEventExecutor.execute(SingleThreadEventExecutor.java:778) ~[netty-all-4.1.32.Final.jar:4.1.32.Final]
	at io.netty.channel.AbstractChannel$AbstractUnsafe.register(AbstractChannel.java:483) ~[netty-all-4.1.32.Final.jar:4.1.32.Final]
	at io.netty.channel.SingleThreadEventLoop.register(SingleThreadEventLoop.java:80) ~[netty-all-4.1.32.Final.jar:4.1.32.Final]
	at io.netty.channel.SingleThreadEventLoop.register(SingleThreadEventLoop.java:74) ~[netty-all-4.1.32.Final.jar:4.1.32.Final]
	at io.netty.channel.MultithreadEventLoopGroup.register(MultithreadEventLoopGroup.java:86) ~[netty-all-4.1.32.Final.jar:4.1.32.Final]
	at io.netty.bootstrap.AbstractBootstrap.initAndRegister(AbstractBootstrap.java:333) ~[netty-all-4.1.32.Final.jar:4.1.32.Final]
	at io.netty.bootstrap.Bootstrap.doResolveAndConnect(Bootstrap.java:163) ~[netty-all-4.1.32.Final.jar:4.1.32.Final]
	at io.netty.bootstrap.Bootstrap.connect(Bootstrap.java:145) ~[netty-all-4.1.32.Final.jar:4.1.32.Final]
	at io.netty.bootstrap.Bootstrap.connect(Bootstrap.java:126) ~[netty-all-4.1.32.Final.jar:4.1.32.Final]
	at com.adolphor.mynety.lan.LanClientMain.doConnect(LanClientMain.java:62) [classes/:?]
	at com.adolphor.mynety.lan.InBoundHandler.channelInactive(InBoundHandler.java:195) [classes/:?]
	at io.netty.channel.AbstractChannelHandlerContext.invokeChannelInactive(AbstractChannelHandlerContext.java:245) [netty-all-4.1.32.Final.jar:4.1.32.Final]
	at io.netty.channel.AbstractChannelHandlerContext.invokeChannelInactive(AbstractChannelHandlerContext.java:231) [netty-all-4.1.32.Final.jar:4.1.32.Final]
	at io.netty.channel.AbstractChannelHandlerContext.fireChannelInactive(AbstractChannelHandlerContext.java:224) [netty-all-4.1.32.Final.jar:4.1.32.Final]
	at io.netty.channel.ChannelInboundHandlerAdapter.channelInactive(ChannelInboundHandlerAdapter.java:75) [netty-all-4.1.32.Final.jar:4.1.32.Final]
	at io.netty.handler.timeout.IdleStateHandler.channelInactive(IdleStateHandler.java:277) [netty-all-4.1.32.Final.jar:4.1.32.Final]
	at io.netty.channel.AbstractChannelHandlerContext.invokeChannelInactive(AbstractChannelHandlerContext.java:245) [netty-all-4.1.32.Final.jar:4.1.32.Final]
	at io.netty.channel.AbstractChannelHandlerContext.invokeChannelInactive(AbstractChannelHandlerContext.java:231) [netty-all-4.1.32.Final.jar:4.1.32.Final]
	at io.netty.channel.AbstractChannelHandlerContext.fireChannelInactive(AbstractChannelHandlerContext.java:224) [netty-all-4.1.32.Final.jar:4.1.32.Final]
	at io.netty.handler.codec.ByteToMessageDecoder.channelInputClosed(ByteToMessageDecoder.java:390) [netty-all-4.1.32.Final.jar:4.1.32.Final]
	at io.netty.handler.codec.ByteToMessageDecoder.channelInactive(ByteToMessageDecoder.java:355) [netty-all-4.1.32.Final.jar:4.1.32.Final]
	at io.netty.channel.AbstractChannelHandlerContext.invokeChannelInactive(AbstractChannelHandlerContext.java:245) [netty-all-4.1.32.Final.jar:4.1.32.Final]
	at io.netty.channel.AbstractChannelHandlerContext.invokeChannelInactive(AbstractChannelHandlerContext.java:231) [netty-all-4.1.32.Final.jar:4.1.32.Final]
	at io.netty.channel.AbstractChannelHandlerContext.fireChannelInactive(AbstractChannelHandlerContext.java:224) [netty-all-4.1.32.Final.jar:4.1.32.Final]
	at io.netty.handler.logging.LoggingHandler.channelInactive(LoggingHandler.java:167) [netty-all-4.1.32.Final.jar:4.1.32.Final]
	at io.netty.channel.AbstractChannelHandlerContext.invokeChannelInactive(AbstractChannelHandlerContext.java:245) [netty-all-4.1.32.Final.jar:4.1.32.Final]
	at io.netty.channel.AbstractChannelHandlerContext.invokeChannelInactive(AbstractChannelHandlerContext.java:231) [netty-all-4.1.32.Final.jar:4.1.32.Final]
	at io.netty.channel.AbstractChannelHandlerContext.fireChannelInactive(AbstractChannelHandlerContext.java:224) [netty-all-4.1.32.Final.jar:4.1.32.Final]
	at io.netty.channel.DefaultChannelPipeline$HeadContext.channelInactive(DefaultChannelPipeline.java:1429) [netty-all-4.1.32.Final.jar:4.1.32.Final]
	at io.netty.channel.AbstractChannelHandlerContext.invokeChannelInactive(AbstractChannelHandlerContext.java:245) [netty-all-4.1.32.Final.jar:4.1.32.Final]
	at io.netty.channel.AbstractChannelHandlerContext.invokeChannelInactive(AbstractChannelHandlerContext.java:231) [netty-all-4.1.32.Final.jar:4.1.32.Final]
	at io.netty.channel.DefaultChannelPipeline.fireChannelInactive(DefaultChannelPipeline.java:947) [netty-all-4.1.32.Final.jar:4.1.32.Final]
	at io.netty.channel.AbstractChannel$AbstractUnsafe$8.run(AbstractChannel.java:826) [netty-all-4.1.32.Final.jar:4.1.32.Final]
	at io.netty.util.concurrent.AbstractEventExecutor.safeExecute$$$capture(AbstractEventExecutor.java:163) [netty-all-4.1.32.Final.jar:4.1.32.Final]
	at io.netty.util.concurrent.AbstractEventExecutor.safeExecute(AbstractEventExecutor.java) [netty-all-4.1.32.Final.jar:4.1.32.Final]
	at io.netty.util.concurrent.SingleThreadEventExecutor.runAllTasks(SingleThreadEventExecutor.java:404) [netty-all-4.1.32.Final.jar:4.1.32.Final]
	at io.netty.channel.nio.NioEventLoop.run(NioEventLoop.java:474) [netty-all-4.1.32.Final.jar:4.1.32.Final]
	at io.netty.util.concurrent.SingleThreadEventExecutor$5.run(SingleThreadEventExecutor.java:909) [netty-all-4.1.32.Final.jar:4.1.32.Final]
	at io.netty.util.concurrent.FastThreadLocalRunnable.run(FastThreadLocalRunnable.java:30) [netty-all-4.1.32.Final.jar:4.1.32.Final]
	at java.lang.Thread.run(Thread.java:748) [?:1.8.0_172]
[2019-02-25 23:50:14:511 WARN ] 10545362 [nioEventLoopGroup-24-1] io.netty.channel.AbstractChannel.register(490): Force-closing a channel whose registration task was not accepted by an event loop: [id: 0xe054bfa0]
java.util.concurrent.RejectedExecutionException: event executor terminated
	at io.netty.util.concurrent.SingleThreadEventExecutor.reject(SingleThreadEventExecutor.java:867) ~[netty-all-4.1.32.Final.jar:4.1.32.Final]
	at io.netty.util.concurrent.SingleThreadEventExecutor.offerTask(SingleThreadEventExecutor.java:328) ~[netty-all-4.1.32.Final.jar:4.1.32.Final]
	at io.netty.util.concurrent.SingleThreadEventExecutor.addTask(SingleThreadEventExecutor.java:321) ~[netty-all-4.1.32.Final.jar:4.1.32.Final]
	at io.netty.util.concurrent.SingleThreadEventExecutor.execute(SingleThreadEventExecutor.java:778) ~[netty-all-4.1.32.Final.jar:4.1.32.Final]
	at io.netty.channel.AbstractChannel$AbstractUnsafe.register(AbstractChannel.java:483) [netty-all-4.1.32.Final.jar:4.1.32.Final]
	at io.netty.channel.SingleThreadEventLoop.register(SingleThreadEventLoop.java:80) [netty-all-4.1.32.Final.jar:4.1.32.Final]
	at io.netty.channel.SingleThreadEventLoop.register(SingleThreadEventLoop.java:74) [netty-all-4.1.32.Final.jar:4.1.32.Final]
	at io.netty.channel.MultithreadEventLoopGroup.register(MultithreadEventLoopGroup.java:86) [netty-all-4.1.32.Final.jar:4.1.32.Final]
	at io.netty.bootstrap.AbstractBootstrap.initAndRegister(AbstractBootstrap.java:333) [netty-all-4.1.32.Final.jar:4.1.32.Final]
	at io.netty.bootstrap.Bootstrap.doResolveAndConnect(Bootstrap.java:163) [netty-all-4.1.32.Final.jar:4.1.32.Final]
	at io.netty.bootstrap.Bootstrap.connect(Bootstrap.java:145) [netty-all-4.1.32.Final.jar:4.1.32.Final]
	at io.netty.bootstrap.Bootstrap.connect(Bootstrap.java:126) [netty-all-4.1.32.Final.jar:4.1.32.Final]
	at com.adolphor.mynety.lan.LanClientMain.doConnect(LanClientMain.java:62) [classes/:?]
	at com.adolphor.mynety.lan.InBoundHandler.channelInactive(InBoundHandler.java:195) [classes/:?]
	at io.netty.channel.AbstractChannelHandlerContext.invokeChannelInactive(AbstractChannelHandlerContext.java:245) [netty-all-4.1.32.Final.jar:4.1.32.Final]
	at io.netty.channel.AbstractChannelHandlerContext.invokeChannelInactive(AbstractChannelHandlerContext.java:231) [netty-all-4.1.32.Final.jar:4.1.32.Final]
	at io.netty.channel.AbstractChannelHandlerContext.fireChannelInactive(AbstractChannelHandlerContext.java:224) [netty-all-4.1.32.Final.jar:4.1.32.Final]
	at io.netty.channel.ChannelInboundHandlerAdapter.channelInactive(ChannelInboundHandlerAdapter.java:75) [netty-all-4.1.32.Final.jar:4.1.32.Final]
	at io.netty.handler.timeout.IdleStateHandler.channelInactive(IdleStateHandler.java:277) [netty-all-4.1.32.Final.jar:4.1.32.Final]
	at io.netty.channel.AbstractChannelHandlerContext.invokeChannelInactive(AbstractChannelHandlerContext.java:245) [netty-all-4.1.32.Final.jar:4.1.32.Final]
	at io.netty.channel.AbstractChannelHandlerContext.invokeChannelInactive(AbstractChannelHandlerContext.java:231) [netty-all-4.1.32.Final.jar:4.1.32.Final]
	at io.netty.channel.AbstractChannelHandlerContext.fireChannelInactive(AbstractChannelHandlerContext.java:224) [netty-all-4.1.32.Final.jar:4.1.32.Final]
	at io.netty.handler.codec.ByteToMessageDecoder.channelInputClosed(ByteToMessageDecoder.java:390) [netty-all-4.1.32.Final.jar:4.1.32.Final]
	at io.netty.handler.codec.ByteToMessageDecoder.channelInactive(ByteToMessageDecoder.java:355) [netty-all-4.1.32.Final.jar:4.1.32.Final]
	at io.netty.channel.AbstractChannelHandlerContext.invokeChannelInactive(AbstractChannelHandlerContext.java:245) [netty-all-4.1.32.Final.jar:4.1.32.Final]
	at io.netty.channel.AbstractChannelHandlerContext.invokeChannelInactive(AbstractChannelHandlerContext.java:231) [netty-all-4.1.32.Final.jar:4.1.32.Final]
	at io.netty.channel.AbstractChannelHandlerContext.fireChannelInactive(AbstractChannelHandlerContext.java:224) [netty-all-4.1.32.Final.jar:4.1.32.Final]
	at io.netty.handler.logging.LoggingHandler.channelInactive(LoggingHandler.java:167) [netty-all-4.1.32.Final.jar:4.1.32.Final]
	at io.netty.channel.AbstractChannelHandlerContext.invokeChannelInactive(AbstractChannelHandlerContext.java:245) [netty-all-4.1.32.Final.jar:4.1.32.Final]
	at io.netty.channel.AbstractChannelHandlerContext.invokeChannelInactive(AbstractChannelHandlerContext.java:231) [netty-all-4.1.32.Final.jar:4.1.32.Final]
	at io.netty.channel.AbstractChannelHandlerContext.fireChannelInactive(AbstractChannelHandlerContext.java:224) [netty-all-4.1.32.Final.jar:4.1.32.Final]
	at io.netty.channel.DefaultChannelPipeline$HeadContext.channelInactive(DefaultChannelPipeline.java:1429) [netty-all-4.1.32.Final.jar:4.1.32.Final]
	at io.netty.channel.AbstractChannelHandlerContext.invokeChannelInactive(AbstractChannelHandlerContext.java:245) [netty-all-4.1.32.Final.jar:4.1.32.Final]
	at io.netty.channel.AbstractChannelHandlerContext.invokeChannelInactive(AbstractChannelHandlerContext.java:231) [netty-all-4.1.32.Final.jar:4.1.32.Final]
	at io.netty.channel.DefaultChannelPipeline.fireChannelInactive(DefaultChannelPipeline.java:947) [netty-all-4.1.32.Final.jar:4.1.32.Final]
	at io.netty.channel.AbstractChannel$AbstractUnsafe$8.run(AbstractChannel.java:826) [netty-all-4.1.32.Final.jar:4.1.32.Final]
	at io.netty.util.concurrent.AbstractEventExecutor.safeExecute$$$capture(AbstractEventExecutor.java:163) [netty-all-4.1.32.Final.jar:4.1.32.Final]
	at io.netty.util.concurrent.AbstractEventExecutor.safeExecute(AbstractEventExecutor.java) [netty-all-4.1.32.Final.jar:4.1.32.Final]
	at io.netty.util.concurrent.SingleThreadEventExecutor.runAllTasks(SingleThreadEventExecutor.java:404) [netty-all-4.1.32.Final.jar:4.1.32.Final]
	at io.netty.channel.nio.NioEventLoop.run(NioEventLoop.java:474) [netty-all-4.1.32.Final.jar:4.1.32.Final]
	at io.netty.util.concurrent.SingleThreadEventExecutor$5.run(SingleThreadEventExecutor.java:909) [netty-all-4.1.32.Final.jar:4.1.32.Final]
	at io.netty.util.concurrent.FastThreadLocalRunnable.run(FastThreadLocalRunnable.java:30) [netty-all-4.1.32.Final.jar:4.1.32.Final]
	at java.lang.Thread.run(Thread.java:748) [?:1.8.0_172]